<?xml version="1.0" encoding="UTF-8"?>
<!-- Generated by org.testng.reporters.JUnitReportReporter -->
<testsuite hostname="DESKTOP-V773E8K" failures="0" tests="1" name="github.SampleGit" time="0.021" errors="0" timestamp="2022-12-14T16:52:53 IST" skipped="0">
  <testcase classname="github.SampleGit" name="github" time="0.021"/>
  <system-out/>
</testsuite> <!-- github.SampleGit -->
