<?xml version="1.0" encoding="UTF-8"?>
<!-- Generated by org.testng.reporters.JUnitReportReporter -->
<testsuite hostname="DESKTOP-V773E8K" failures="0" tests="1" name="branchingpractice.Branching" time="0.029" errors="0" timestamp="2022-12-17T17:07:10 IST" skipped="0">
  <testcase classname="branchingpractice.Branching" name="orgWithContact" time="0.029"/>
  <system-out/>
</testsuite> <!-- branchingpractice.Branching -->
