<?xml version="1.0" encoding="UTF-8"?>
<!-- Generated by org.testng.reporters.JUnitReportReporter -->
<testsuite hostname="DESKTOP-V773E8K" failures="0" tests="1" name="github.Gitpush" time="0.019" errors="0" timestamp="2022-12-15T17:53:18 IST" skipped="0">
  <testcase classname="github.Gitpush" name="push" time="0.019"/>
  <system-out/>
</testsuite> <!-- github.Gitpush -->
